c:\users\sumsum\desktop\simplehandtracker\x64\debug\main.obj
c:\users\sumsum\desktop\simplehandtracker\x64\debug\vc100.pdb
c:\users\sumsum\desktop\simplehandtracker\x64\debug\simplehandtracker.ilk
c:\users\sumsum\desktop\simplehandtracker\x64\debug\simplehandtracker.exe
c:\users\sumsum\desktop\simplehandtracker\x64\debug\simplehandtracker.exe.intermediate.manifest
c:\users\sumsum\desktop\simplehandtracker\x64\debug\simplehandtracker.pdb
c:\users\sumsum\desktop\simplehandtracker\x64\debug\cl.command.1.tlog
c:\users\sumsum\desktop\simplehandtracker\x64\debug\cl.read.1.tlog
c:\users\sumsum\desktop\simplehandtracker\x64\debug\cl.write.1.tlog
c:\users\sumsum\desktop\simplehandtracker\x64\debug\link.command.1.tlog
c:\users\sumsum\desktop\simplehandtracker\x64\debug\link.read.1.tlog
c:\users\sumsum\desktop\simplehandtracker\x64\debug\link.write.1.tlog
c:\users\sumsum\desktop\simplehandtracker\x64\debug\mt.command.1.tlog
c:\users\sumsum\desktop\simplehandtracker\x64\debug\mt.read.1.tlog
c:\users\sumsum\desktop\simplehandtracker\x64\debug\mt.write.1.tlog
c:\users\sumsum\desktop\simplehandtracker\x64\debug\vc100.idb
c:\users\sumsum\desktop\simplehandtracker\x64\debug\nite2.jni.pdb
c:\users\sumsum\desktop\simplehandtracker\x64\debug\nite2.pdb
c:\users\sumsum\desktop\simplehandtracker\x64\debug\openni2.jni.pdb
c:\users\sumsum\desktop\simplehandtracker\x64\debug\openni2.pdb
